[INFO ] 2024-12-12 18:14:41.388 [main] Stepdef - setup executed....
[INFO ] 2024-12-12 18:14:41.519 [main] Stepdef - chrome browser launch...
[INFO ] 2024-12-12 18:15:16.889 [main] Stepdef - url opened.......
[INFO ] 2024-12-12 18:15:45.753 [main] Stepdef - email and password entered
[INFO ] 2024-12-12 18:16:05.054 [main] Stepdef - login click....
[INFO ] 2024-12-12 18:16:05.265 [main] Stepdef - user can view dashboard
[INFO ] 2024-12-12 18:16:13.421 [main] Stepdef - user can view account page
[INFO ] 2024-12-12 18:16:18.498 [main] Stepdef - user can view address book...
[INFO ] 2024-12-12 18:16:18.517 [main] Stepdef - user can view addressbook details.
[INFO ] 2024-12-12 18:16:20.193 [main] Stepdef - user entered details...
[INFO ] 2024-12-12 18:16:23.625 [main] Stepdef - user saved details
[INFO ] 2024-12-12 18:16:24.116 [main] Stepdef - browser closed..
[INFO ] 2024-12-16 09:13:47.538 [main] Stepdef - setup executed....
[INFO ] 2024-12-16 09:13:47.640 [main] Stepdef - chrome browser launch...
[INFO ] 2024-12-16 09:13:54.127 [main] Stepdef - url opened.......
[INFO ] 2024-12-16 09:13:56.239 [main] Stepdef - email and password entered
[INFO ] 2024-12-16 09:13:58.832 [main] Stepdef - login click....
[INFO ] 2024-12-16 09:13:58.868 [main] Stepdef - user can view dashboard
[INFO ] 2024-12-16 09:14:01.076 [main] Stepdef - user can view account page
[INFO ] 2024-12-16 09:14:05.065 [main] Stepdef - user can view address book...
[INFO ] 2024-12-16 09:14:05.083 [main] Stepdef - user can view addressbook details.
[INFO ] 2024-12-16 09:14:06.796 [main] Stepdef - user entered details...
[INFO ] 2024-12-16 09:14:08.921 [main] Stepdef - user saved details
[INFO ] 2024-12-16 09:14:09.410 [main] Stepdef - browser closed..
[INFO ] 2024-12-16 09:14:11.576 [main] Stepdef - setup executed....
[INFO ] 2024-12-16 09:14:11.578 [main] Stepdef - chrome browser launch...
[INFO ] 2024-12-16 09:14:16.993 [main] Stepdef - url opened.......
[INFO ] 2024-12-16 09:14:19.062 [main] Stepdef - email and password entered
[INFO ] 2024-12-16 09:14:21.661 [main] Stepdef - login click....
[WARN ] 2024-12-16 09:14:21.680 [main] Stepdef - Test passed: Login feature  : page title matched...
[INFO ] 2024-12-16 09:14:24.343 [main] Stepdef - logout click....
[INFO ] 2024-12-16 09:14:24.542 [main] Stepdef - browser closed..
[INFO ] 2024-12-16 09:14:26.660 [main] Stepdef - setup executed....
[INFO ] 2024-12-16 09:14:26.663 [main] Stepdef - chrome browser launch...
[INFO ] 2024-12-16 09:14:32.189 [main] Stepdef - url opened.......
[INFO ] 2024-12-16 09:14:34.263 [main] Stepdef - email and password entered
[INFO ] 2024-12-16 09:14:36.788 [main] Stepdef - login click....
[WARN ] 2024-12-16 09:14:36.807 [main] Stepdef - Test passed: Login feature  : page title matched...
[INFO ] 2024-12-16 09:14:38.884 [main] Stepdef - logout click....
[INFO ] 2024-12-16 09:14:39.106 [main] Stepdef - browser closed..
[INFO ] 2024-12-16 09:28:08.341 [main] Stepdef - setup executed....
[INFO ] 2024-12-16 09:28:08.407 [main] Stepdef - chrome browser launch...
[INFO ] 2024-12-16 09:28:16.060 [main] Stepdef - url opened.......
[INFO ] 2024-12-16 09:28:19.698 [main] Stepdef - email and password entered
[INFO ] 2024-12-16 09:28:22.536 [main] Stepdef - login click....
[WARN ] 2024-12-16 09:28:22.553 [main] Stepdef - Test passed: Login feature  : page title matched...
[INFO ] 2024-12-16 09:28:24.768 [main] Stepdef - logout click....
[INFO ] 2024-12-16 09:28:24.991 [main] Stepdef - browser closed..
[INFO ] 2024-12-16 09:28:27.285 [main] Stepdef - setup executed....
[INFO ] 2024-12-16 09:28:27.287 [main] Stepdef - chrome browser launch...
[INFO ] 2024-12-16 09:28:30.617 [main] Stepdef - url opened.......
[INFO ] 2024-12-16 09:28:33.219 [main] Stepdef - email and password entered
[INFO ] 2024-12-16 09:28:35.804 [main] Stepdef - login click....
[WARN ] 2024-12-16 09:28:35.822 [main] Stepdef - Test passed: Login feature  : page title matched...
[INFO ] 2024-12-16 09:28:38.084 [main] Stepdef - logout click....
[INFO ] 2024-12-16 09:28:38.283 [main] Stepdef - browser closed..
